<?xml version="1.0" encoding="UTF-8"?>
<!-- Generated by org.testng.reporters.JUnitXMLReporter -->
<testsuite ignored="0" hostname="DESKTOP-CTK1DAN" failures="1" tests="2" name="Admin Tests" time="52.807" errors="0" timestamp="2026-06-06T06:57:30 EDT">
  <testcase classname="tests.AdminTest" name="testAdminPageDisplayed" time="0.017"/>
  <testcase classname="tests.AdminTest" name="testSearchUser" time="31.117">
    <failure type="java.lang.AssertionError" message="Expected condition failed: waiting for visibility of Proxy element for: DefaultElementLocator &amp;apos;By.xpath: //input[@placeholder=&amp;apos;Username&amp;apos;]&amp;apos; (tried for 20 second(s) with 500 milliseconds interval)">
      <![CDATA[java.lang.AssertionError: Expected condition failed: waiting for visibility of Proxy element for: DefaultElementLocator 'By.xpath: //input[@placeholder='Username']' (tried for 20 second(s) with 500 milliseconds interval)
at tests.AdminTest.testSearchUser(AdminTest.java:67)
at java.base/java.util.ArrayList.forEach(ArrayList.java:1596)
... Removed 26 stack frames]]>
    </failure>
  </testcase> <!-- testSearchUser -->
</testsuite> <!-- Admin Tests -->
