<?xml version="1.0" encoding="UTF-8"?>
<!-- Generated by org.testng.reporters.JUnitXMLReporter -->
<testsuite ignored="0" hostname="DESKTOP-CTK1DAN" failures="2" tests="5" name="Login Tests" time="143.31" errors="0" timestamp="2026-06-06T06:56:37 EDT">
  <testcase classname="tests.LoginTest" name="testValidLogin" time="3.392"/>
  <testcase classname="tests.LoginTest" name="testInvalidLogin" time="4.61"/>
  <testcase classname="tests.LoginTest" name="testEmptyUsername" time="34.601">
    <failure type="java.lang.AssertionError" message="Expected condition failed: waiting for visibility of Proxy element for: DefaultElementLocator &amp;apos;By.xpath: //p[@class=&amp;apos;oxd-text oxd-text--p oxd-alert-content-text&amp;apos;]&amp;apos; (tried for 20 second(s) with 500 milliseconds interval)">
      <![CDATA[java.lang.AssertionError: Expected condition failed: waiting for visibility of Proxy element for: DefaultElementLocator 'By.xpath: //p[@class='oxd-text oxd-text--p oxd-alert-content-text']' (tried for 20 second(s) with 500 milliseconds interval)
at tests.LoginTest.testEmptyUsername(LoginTest.java:89)
at java.base/java.util.ArrayList.forEach(ArrayList.java:1596)
... Removed 26 stack frames]]>
    </failure>
  </testcase> <!-- testEmptyUsername -->
  <testcase classname="tests.LoginTest" name="testEmptyPassword" time="34.252">
    <failure type="java.lang.AssertionError" message="Expected condition failed: waiting for visibility of Proxy element for: DefaultElementLocator &amp;apos;By.xpath: //p[@class=&amp;apos;oxd-text oxd-text--p oxd-alert-content-text&amp;apos;]&amp;apos; (tried for 20 second(s) with 500 milliseconds interval)">
      <![CDATA[java.lang.AssertionError: Expected condition failed: waiting for visibility of Proxy element for: DefaultElementLocator 'By.xpath: //p[@class='oxd-text oxd-text--p oxd-alert-content-text']' (tried for 20 second(s) with 500 milliseconds interval)
at tests.LoginTest.testEmptyPassword(LoginTest.java:112)
at java.base/java.util.ArrayList.forEach(ArrayList.java:1596)
... Removed 26 stack frames]]>
    </failure>
  </testcase> <!-- testEmptyPassword -->
  <testcase classname="tests.LoginTest" name="testLogout" time="7.132"/>
</testsuite> <!-- Login Tests -->
